Arguments: 
  /usr/local/bin/node /usr/local/Cellar/yarn/1.22.10/libexec/bin/yarn.js add emotion --dev

PATH: 
  /Users/sihyungpark/.rbenv/shims:/opt/homebrew/opt/openssl@1.1/bin:{}/.rbenv/bin:/opt/homebrew/bin:/usr/local/bin:/usr/bin:/bin:/usr/sbin:/sbin:/Library/Apple/usr/bin:/Users/sihyungpark/development/tools/flutter/bin:/Users/sihyungpark/.rvm/bin:/usr/local/mysql/bin/

Yarn version: 
  1.22.10

Node version: 
  16.13.1

Platform: 
  darwin x64

Trace: 
  TypeError: Cannot read properties of undefined (reading 'manifest')
      at _loop (/usr/local/Cellar/yarn/1.22.10/libexec/lib/cli.js:6973:102)
      at _loop.next (<anonymous>)
      at Add.<anonymous> (/usr/local/Cellar/yarn/1.22.10/libexec/lib/cli.js:7031:27)
      at Generator.next (<anonymous>)
      at step (/usr/local/Cellar/yarn/1.22.10/libexec/lib/cli.js:310:30)
      at /usr/local/Cellar/yarn/1.22.10/libexec/lib/cli.js:321:13

npm manifest: 
  {
  	"name": "@hs-platforms/hs-core-ui",
  	"private": true,
  	"scripts": {
  	},
  	"dependencies": {
  	},
  	"devDependencies": {
  		"@emotion/babel-plugin": "^11.7.2",
  		"@emotion/babel-preset-css-prop": "^11.2.0",
  		"@emotion/core": "^11.0.0",
  		"@emotion/css": "^11.1.3",
  		"@emotion/react": "^11.1.1",
  		"@emotion/styled": "^11.3.0",
  		"@loadable/babel-plugin": "^5.13.2",
  		"@loadable/component": "^5.15.0",
  		"@nomiclabs/hardhat-ethers": "^2.0.0",
  		"@nomiclabs/hardhat-waffle": "^2.0.0",
  		"@openzeppelin/contracts": "^4.5.0",
  		"@types/jest": "^27.4.0",
  		"@types/loadable__component": "^5.13.4",
  		"@types/node": "17.0.7",
  		"@types/react": "17.0.38",
  		"@types/styled-system": "^5.1.15",
  		"@walletconnect/web3-provider": "^1.7.1",
  		"axios": "^0.24.0",
  		"chai": "^4.2.0",
  		"dotenv": "^10.0.0",
  		"dotenv-webpack": "^7.0.3",
  		"eslint": "8.6.0",
  		"eslint-config-next": "12.0.7",
  		"ethereum-waffle": "^3.0.0",
  		"ethers": "^5.0.0",
  		"hardhat": "^2.9.1",
  		"next-auth": "^4.2.1",
  		"next-seo": "^4.28.1",
  		"react-cookie": "^4.1.1",
  		"react-icons": "^4.3.1",
  		"styled-system": "^5.1.5",
  		"ts-jest": "^27.1.3",
  		"typescript": "4.5.4"
  	}
  }

yarn manifest: 
  No manifest

Lockfile: 
  # THIS IS AN AUTOGENERATED FILE. DO NOT EDIT THIS FILE DIRECTLY.
  # yarn lockfile v1
  
  
  cross-env@7.0.3:
    version "7.0.3"
    resolved "https://registry.yarnpkg.com/cross-env/-/cross-env-7.0.3.tgz#865264b29677dc015ba8418918965dd232fc54cf"
    integrity sha512-+/HKd6EgcQCJGh2PSjZuUitQBQynKor4wrFbRg4DtAgS1aWO+gU52xpH7M9ScGgXSYmAVS9bIJ8EzuaGw0oNAw==
    dependencies:
      cross-spawn "^7.0.1"
  
  cross-spawn@^7.0.1:
    version "7.0.3"
    resolved "https://registry.yarnpkg.com/cross-spawn/-/cross-spawn-7.0.3.tgz#f73a85b9d5d41d045551c177e2882d4ac85728a6"
    integrity sha512-iRDPJKUPVEND7dHPO8rkbOnPpyDygcDFtWjpeWNCgy8WP2rXcxXL8TskReQl6OrB2G7+UJrags1q15Fudc7G6w==
    dependencies:
      path-key "^3.1.0"
      shebang-command "^2.0.0"
      which "^2.0.1"
  
  isexe@^2.0.0:
    version "2.0.0"
    resolved "https://registry.yarnpkg.com/isexe/-/isexe-2.0.0.tgz#e8fbf374dc556ff8947a10dcb0572d633f2cfa10"
    integrity sha1-6PvzdNxVb/iUehDcsFctYz8s+hA=
  
  path-key@^3.1.0:
    version "3.1.1"
    resolved "https://registry.yarnpkg.com/path-key/-/path-key-3.1.1.tgz#581f6ade658cbba65a0d3380de7753295054f375"
    integrity sha512-ojmeN0qd+y0jszEtoY48r0Peq5dwMEkIlCOu6Q5f41lfkswXuKtYrhgoTpLnyIcHm24Uhqx+5Tqm2InSwLhE6Q==
  
  shebang-command@^2.0.0:
    version "2.0.0"
    resolved "https://registry.yarnpkg.com/shebang-command/-/shebang-command-2.0.0.tgz#ccd0af4f8835fbdc265b82461aaf0c36663f34ea"
    integrity sha512-kHxr2zZpYtdmrN1qDjrrX/Z1rR1kG8Dx+gkpK1G4eXmvXswmcE1hTWBWYUzlraYw1/yZp6YuDY77YtvbN0dmDA==
    dependencies:
      shebang-regex "^3.0.0"
  
  shebang-regex@^3.0.0:
    version "3.0.0"
    resolved "https://registry.yarnpkg.com/shebang-regex/-/shebang-regex-3.0.0.tgz#ae16f1644d873ecad843b0307b143362d4c42172"
    integrity sha512-7++dFhtcx3353uBaq8DDR4NuxBetBzC7ZQOhmTQInHEd6bSrXdiEyzCvG07Z44UYdLShWUyXt5M/yhz8ekcb1A==
  
  shell-quote@1.7.3:
    version "1.7.3"
    resolved "https://registry.yarnpkg.com/shell-quote/-/shell-quote-1.7.3.tgz#aa40edac170445b9a431e17bb62c0b881b9c4123"
    integrity sha512-Vpfqwm4EnqGdlsBFNmHhxhElJYrdfcxPThu+ryKS5J8L/fhAwLazFZtq+S+TWZ9ANj2piSQLGj6NQg+lKPmxrw==
  
  which@^2.0.1:
    version "2.0.2"
    resolved "https://registry.yarnpkg.com/which/-/which-2.0.2.tgz#7c6a8dd0a636a0327e10b59c9286eee93f3f51b1"
    integrity sha512-BLI3Tl1TW3Pvl70l3yq3Y64i+awpwXqsGBYWkkqMtnbXgrMD+yj7rhW0kuEDxzJaYXGjEW5ogapKNMEKNMjibA==
    dependencies:
      isexe "^2.0.0"
